# JRE version: OpenJDK Runtime Environment (11.0.15+10) (build 11.0.15+10-Ubuntu-0ubuntu0.20.04.1)
# Java VM: OpenJDK 64-Bit Server VM (11.0.15+10-Ubuntu-0ubuntu0.20.04.1, mixed mode, sharing, tiered, compressed oops, g1 gc, linux-amd64)
Heap:
 garbage-first heap   total 129024K, used 66898K [0x0000000085a00000, 0x0000000100000000)
  region size 1024K, 44 young (45056K), 2 survivors (2048K)
 Metaspace       used 20721K, capacity 21954K, committed 22400K, reserved 1069056K
  class space    used 2797K, capacity 3336K, committed 3456K, reserved 1048576K
GC Heap History (6 events):
Event: 0.781 GC heap before
{Heap before GC invocations=0 (full 0):
 garbage-first heap   total 129024K, used 15048K [0x0000000085a00000, 0x0000000100000000)
  region size 1024K, 14 young (14336K), 0 survivors (0K)
 Metaspace       used 3291K, capacity 6107K, committed 6400K, reserved 1056768K
  class space    used 403K, capacity 728K, committed 768K, reserved 1048576K
}
Event: 0.786 GC heap after
{Heap after GC invocations=1 (full 0):
 garbage-first heap   total 129024K, used 2263K [0x0000000085a00000, 0x0000000100000000)
  region size 1024K, 2 young (2048K), 2 survivors (2048K)
 Metaspace       used 3291K, capacity 6107K, committed 6400K, reserved 1056768K
  class space    used 403K, capacity 728K, committed 768K, reserved 1048576K
}
Event: 59.640 GC heap before
{Heap before GC invocations=1 (full 0):
 garbage-first heap   total 129024K, used 86231K [0x0000000085a00000, 0x0000000100000000)
  region size 1024K, 74 young (75776K), 2 survivors (2048K)
 Metaspace       used 19779K, capacity 20973K, committed 21248K, reserved 1067008K
  class space    used 2730K, capacity 3246K, committed 3328K, reserved 1048576K
}
Event: 59.651 GC heap after
{Heap after GC invocations=2 (full 0):
 garbage-first heap   total 129024K, used 23182K [0x0000000085a00000, 0x0000000100000000)
  region size 1024K, 10 young (10240K), 10 survivors (10240K)
 Metaspace       used 19779K, capacity 20973K, committed 21248K, reserved 1067008K
  class space    used 2730K, capacity 3246K, committed 3328K, reserved 1048576K
}
Event: 62.942 GC heap before
{Heap before GC invocations=2 (full 0):
 garbage-first heap   total 129024K, used 31374K [0x0000000085a00000, 0x0000000100000000)
  region size 1024K, 19 young (19456K), 10 survivors (10240K)
 Metaspace       used 19939K, capacity 21074K, committed 21248K, reserved 1067008K
  class space    used 2750K, capacity 3258K, committed 3328K, reserved 1048576K
}
Event: 62.975 GC heap after
{Heap after GC invocations=3 (full 0):
 garbage-first heap   total 129024K, used 23890K [0x0000000085a00000, 0x0000000100000000)
  region size 1024K, 2 young (2048K), 2 survivors (2048K)
 Metaspace       used 19939K, capacity 21074K, committed 21248K, reserved 1067008K
  class space    used 2750K, capacity 3258K, committed 3328K, reserved 1048576K
}

