# JRE version: OpenJDK Runtime Environment (11.0.15+10) (build 11.0.15+10-Ubuntu-0ubuntu0.20.04.1)
# Java VM: OpenJDK 64-Bit Server VM (11.0.15+10-Ubuntu-0ubuntu0.20.04.1, mixed mode, sharing, tiered, compressed oops, g1 gc, linux-amd64)
Heap:
 garbage-first heap   total 129024K, used 29105K [0x0000000085a00000, 0x0000000100000000)
  region size 1024K, 10 young (10240K), 4 survivors (4096K)
 Metaspace       used 20042K, capacity 21203K, committed 21504K, reserved 1067008K
  class space    used 2752K, capacity 3258K, committed 3328K, reserved 1048576K
GC Heap History (6 events):
Event: 0.612 GC heap before
{Heap before GC invocations=0 (full 0):
 garbage-first heap   total 129024K, used 15048K [0x0000000085a00000, 0x0000000100000000)
  region size 1024K, 14 young (14336K), 0 survivors (0K)
 Metaspace       used 3253K, capacity 6107K, committed 6400K, reserved 1056768K
  class space    used 403K, capacity 728K, committed 768K, reserved 1048576K
}
Event: 0.620 GC heap after
{Heap after GC invocations=1 (full 0):
 garbage-first heap   total 129024K, used 2263K [0x0000000085a00000, 0x0000000100000000)
  region size 1024K, 2 young (2048K), 2 survivors (2048K)
 Metaspace       used 3253K, capacity 6107K, committed 6400K, reserved 1056768K
  class space    used 403K, capacity 728K, committed 768K, reserved 1048576K
}
Event: 4.801 GC heap before
{Heap before GC invocations=1 (full 0):
 garbage-first heap   total 129024K, used 107735K [0x0000000085a00000, 0x0000000100000000)
  region size 1024K, 54 young (55296K), 2 survivors (2048K)
 Metaspace       used 18412K, capacity 19456K, committed 19712K, reserved 1067008K
  class space    used 2622K, capacity 3057K, committed 3072K, reserved 1048576K
}
Event: 4.832 GC heap after
{Heap after GC invocations=2 (full 0):
 garbage-first heap   total 129024K, used 63440K [0x0000000085a00000, 0x0000000100000000)
  region size 1024K, 9 young (9216K), 9 survivors (9216K)
 Metaspace       used 18412K, capacity 19456K, committed 19712K, reserved 1067008K
  class space    used 2622K, capacity 3057K, committed 3072K, reserved 1048576K
}
Event: 70.575 GC heap before
{Heap before GC invocations=3 (full 0):
 garbage-first heap   total 129024K, used 95184K [0x0000000085a00000, 0x0000000100000000)
  region size 1024K, 40 young (40960K), 9 survivors (9216K)
 Metaspace       used 19937K, capacity 21139K, committed 21504K, reserved 1067008K
  class space    used 2749K, capacity 3258K, committed 3328K, reserved 1048576K
}
Event: 70.587 GC heap after
{Heap after GC invocations=4 (full 0):
 garbage-first heap   total 129024K, used 23985K [0x0000000085a00000, 0x0000000100000000)
  region size 1024K, 4 young (4096K), 4 survivors (4096K)
 Metaspace       used 19937K, capacity 21139K, committed 21504K, reserved 1067008K
  class space    used 2749K, capacity 3258K, committed 3328K, reserved 1048576K
}

