# JRE version: OpenJDK Runtime Environment (11.0.15+10) (build 11.0.15+10-Ubuntu-0ubuntu0.20.04.1)
# Java VM: OpenJDK 64-Bit Server VM (11.0.15+10-Ubuntu-0ubuntu0.20.04.1, mixed mode, sharing, tiered, compressed oops, g1 gc, linux-amd64)
Heap:
 garbage-first heap   total 129024K, used 34942K [0x0000000085a00000, 0x0000000100000000)
  region size 1024K, 13 young (13312K), 1 survivors (1024K)
 Metaspace       used 20130K, capacity 21251K, committed 21504K, reserved 1067008K
  class space    used 2752K, capacity 3258K, committed 3328K, reserved 1048576K
GC Heap History (6 events):
Event: 0.325 GC heap before
{Heap before GC invocations=0 (full 0):
 garbage-first heap   total 129024K, used 15048K [0x0000000085a00000, 0x0000000100000000)
  region size 1024K, 14 young (14336K), 0 survivors (0K)
 Metaspace       used 3261K, capacity 6108K, committed 6400K, reserved 1056768K
  class space    used 403K, capacity 728K, committed 768K, reserved 1048576K
}
Event: 0.333 GC heap after
{Heap after GC invocations=1 (full 0):
 garbage-first heap   total 129024K, used 2253K [0x0000000085a00000, 0x0000000100000000)
  region size 1024K, 2 young (2048K), 2 survivors (2048K)
 Metaspace       used 3261K, capacity 6108K, committed 6400K, reserved 1056768K
  class space    used 403K, capacity 728K, committed 768K, reserved 1048576K
}
Event: 19.876 GC heap before
{Heap before GC invocations=1 (full 0):
 garbage-first heap   total 129024K, used 86221K [0x0000000085a00000, 0x0000000100000000)
  region size 1024K, 74 young (75776K), 2 survivors (2048K)
 Metaspace       used 19729K, capacity 20860K, committed 20992K, reserved 1067008K
  class space    used 2745K, capacity 3258K, committed 3328K, reserved 1048576K
}
Event: 19.908 GC heap after
{Heap after GC invocations=2 (full 0):
 garbage-first heap   total 129024K, used 22778K [0x0000000085a00000, 0x0000000100000000)
  region size 1024K, 10 young (10240K), 10 survivors (10240K)
 Metaspace       used 19729K, capacity 20860K, committed 20992K, reserved 1067008K
  class space    used 2745K, capacity 3258K, committed 3328K, reserved 1048576K
}
Event: 68.362 GC heap before
{Heap before GC invocations=2 (full 0):
 garbage-first heap   total 129024K, used 30970K [0x0000000085a00000, 0x0000000100000000)
  region size 1024K, 19 young (19456K), 10 survivors (10240K)
 Metaspace       used 19970K, capacity 21122K, committed 21248K, reserved 1067008K
  class space    used 2749K, capacity 3258K, committed 3328K, reserved 1048576K
}
Event: 68.393 GC heap after
{Heap after GC invocations=3 (full 0):
 garbage-first heap   total 129024K, used 23678K [0x0000000085a00000, 0x0000000100000000)
  region size 1024K, 1 young (1024K), 1 survivors (1024K)
 Metaspace       used 19970K, capacity 21122K, committed 21248K, reserved 1067008K
  class space    used 2749K, capacity 3258K, committed 3328K, reserved 1048576K
}

