# JRE version: OpenJDK Runtime Environment (11.0.15+10) (build 11.0.15+10-Ubuntu-0ubuntu0.20.04.1)
# Java VM: OpenJDK 64-Bit Server VM (11.0.15+10-Ubuntu-0ubuntu0.20.04.1, mixed mode, sharing, tiered, compressed oops, g1 gc, linux-amd64)
Heap:
 garbage-first heap   total 129024K, used 41034K [0x0000000085a00000, 0x0000000100000000)
  region size 1024K, 19 young (19456K), 2 survivors (2048K)
 Metaspace       used 20478K, capacity 21700K, committed 22016K, reserved 1069056K
  class space    used 2789K, capacity 3296K, committed 3328K, reserved 1048576K
GC Heap History (6 events):
Event: 0.273 GC heap before
{Heap before GC invocations=0 (full 0):
 garbage-first heap   total 129024K, used 15048K [0x0000000085a00000, 0x0000000100000000)
  region size 1024K, 14 young (14336K), 0 survivors (0K)
 Metaspace       used 3248K, capacity 6107K, committed 6400K, reserved 1056768K
  class space    used 403K, capacity 728K, committed 768K, reserved 1048576K
}
Event: 0.279 GC heap after
{Heap after GC invocations=1 (full 0):
 garbage-first heap   total 129024K, used 2261K [0x0000000085a00000, 0x0000000100000000)
  region size 1024K, 2 young (2048K), 2 survivors (2048K)
 Metaspace       used 3248K, capacity 6107K, committed 6400K, reserved 1056768K
  class space    used 403K, capacity 728K, committed 768K, reserved 1048576K
}
Event: 24.904 GC heap before
{Heap before GC invocations=1 (full 0):
 garbage-first heap   total 129024K, used 86229K [0x0000000085a00000, 0x0000000100000000)
  region size 1024K, 74 young (75776K), 2 survivors (2048K)
 Metaspace       used 19774K, capacity 21005K, committed 21248K, reserved 1067008K
  class space    used 2745K, capacity 3258K, committed 3328K, reserved 1048576K
}
Event: 24.918 GC heap after
{Heap after GC invocations=2 (full 0):
 garbage-first heap   total 129024K, used 22699K [0x0000000085a00000, 0x0000000100000000)
  region size 1024K, 10 young (10240K), 10 survivors (10240K)
 Metaspace       used 19774K, capacity 21005K, committed 21248K, reserved 1067008K
  class space    used 2745K, capacity 3258K, committed 3328K, reserved 1048576K
}
Event: 31.722 GC heap before
{Heap before GC invocations=2 (full 0):
 garbage-first heap   total 129024K, used 29867K [0x0000000085a00000, 0x0000000100000000)
  region size 1024K, 18 young (18432K), 10 survivors (10240K)
 Metaspace       used 19919K, capacity 21069K, committed 21248K, reserved 1067008K
  class space    used 2755K, capacity 3258K, committed 3328K, reserved 1048576K
}
Event: 31.754 GC heap after
{Heap after GC invocations=3 (full 0):
 garbage-first heap   total 129024K, used 23626K [0x0000000085a00000, 0x0000000100000000)
  region size 1024K, 2 young (2048K), 2 survivors (2048K)
 Metaspace       used 19919K, capacity 21069K, committed 21248K, reserved 1067008K
  class space    used 2755K, capacity 3258K, committed 3328K, reserved 1048576K
}

