# JRE version: OpenJDK Runtime Environment (11.0.15+10) (build 11.0.15+10-Ubuntu-0ubuntu0.20.04.1)
# Java VM: OpenJDK 64-Bit Server VM (11.0.15+10-Ubuntu-0ubuntu0.20.04.1, mixed mode, sharing, tiered, compressed oops, g1 gc, linux-amd64)
Heap:
 garbage-first heap   total 129024K, used 59117K [0x0000000085a00000, 0x0000000100000000)
  region size 1024K, 36 young (36864K), 2 survivors (2048K)
 Metaspace       used 20638K, capacity 21769K, committed 22016K, reserved 1069056K
  class space    used 2775K, capacity 3276K, committed 3328K, reserved 1048576K
GC Heap History (6 events):
Event: 0.280 GC heap before
{Heap before GC invocations=0 (full 0):
 garbage-first heap   total 129024K, used 15048K [0x0000000085a00000, 0x0000000100000000)
  region size 1024K, 14 young (14336K), 0 survivors (0K)
 Metaspace       used 3293K, capacity 6108K, committed 6400K, reserved 1056768K
  class space    used 403K, capacity 728K, committed 768K, reserved 1048576K
}
Event: 0.286 GC heap after
{Heap after GC invocations=1 (full 0):
 garbage-first heap   total 129024K, used 2266K [0x0000000085a00000, 0x0000000100000000)
  region size 1024K, 2 young (2048K), 2 survivors (2048K)
 Metaspace       used 3293K, capacity 6108K, committed 6400K, reserved 1056768K
  class space    used 403K, capacity 728K, committed 768K, reserved 1048576K
}
Event: 40.934 GC heap before
{Heap before GC invocations=1 (full 0):
 garbage-first heap   total 129024K, used 86234K [0x0000000085a00000, 0x0000000100000000)
  region size 1024K, 74 young (75776K), 2 survivors (2048K)
 Metaspace       used 19827K, capacity 20997K, committed 21248K, reserved 1067008K
  class space    used 2739K, capacity 3254K, committed 3328K, reserved 1048576K
}
Event: 40.953 GC heap after
{Heap after GC invocations=2 (full 0):
 garbage-first heap   total 129024K, used 23182K [0x0000000085a00000, 0x0000000100000000)
  region size 1024K, 10 young (10240K), 10 survivors (10240K)
 Metaspace       used 19827K, capacity 20997K, committed 21248K, reserved 1067008K
  class space    used 2739K, capacity 3254K, committed 3328K, reserved 1048576K
}
Event: 73.573 GC heap before
{Heap before GC invocations=2 (full 0):
 garbage-first heap   total 129024K, used 31374K [0x0000000085a00000, 0x0000000100000000)
  region size 1024K, 19 young (19456K), 10 survivors (10240K)
 Metaspace       used 20035K, capacity 21226K, committed 21504K, reserved 1067008K
  class space    used 2750K, capacity 3268K, committed 3328K, reserved 1048576K
}
Event: 73.582 GC heap after
{Heap after GC invocations=3 (full 0):
 garbage-first heap   total 129024K, used 24301K [0x0000000085a00000, 0x0000000100000000)
  region size 1024K, 2 young (2048K), 2 survivors (2048K)
 Metaspace       used 20035K, capacity 21226K, committed 21504K, reserved 1067008K
  class space    used 2750K, capacity 3268K, committed 3328K, reserved 1048576K
}

