# JRE version: OpenJDK Runtime Environment (11.0.15+10) (build 11.0.15+10-Ubuntu-0ubuntu0.20.04.1)
# Java VM: OpenJDK 64-Bit Server VM (11.0.15+10-Ubuntu-0ubuntu0.20.04.1, mixed mode, sharing, tiered, compressed oops, g1 gc, linux-amd64)
Heap:
 garbage-first heap   total 129024K, used 38582K [0x0000000085a00000, 0x0000000100000000)
  region size 1024K, 38 young (38912K), 1 survivors (1024K)
 Metaspace       used 2208K, capacity 5890K, committed 6016K, reserved 1056768K
  class space    used 185K, capacity 590K, committed 640K, reserved 1048576K
GC Heap History (6 events):
Event: 6.050 GC heap before
{Heap before GC invocations=0 (full 0):
 garbage-first heap   total 129024K, used 15048K [0x0000000085a00000, 0x0000000100000000)
  region size 1024K, 14 young (14336K), 0 survivors (0K)
 Metaspace       used 1843K, capacity 5615K, committed 5760K, reserved 1056768K
  class space    used 140K, capacity 538K, committed 640K, reserved 1048576K
}
Event: 6.066 GC heap after
{Heap after GC invocations=1 (full 0):
 garbage-first heap   total 129024K, used 1531K [0x0000000085a00000, 0x0000000100000000)
  region size 1024K, 1 young (1024K), 1 survivors (1024K)
 Metaspace       used 1843K, capacity 5615K, committed 5760K, reserved 1056768K
  class space    used 140K, capacity 538K, committed 640K, reserved 1048576K
}
Event: 13.294 GC heap before
{Heap before GC invocations=1 (full 0):
 garbage-first heap   total 129024K, used 76283K [0x0000000085a00000, 0x0000000100000000)
  region size 1024K, 74 young (75776K), 1 survivors (1024K)
 Metaspace       used 2172K, capacity 5825K, committed 6016K, reserved 1056768K
  class space    used 183K, capacity 590K, committed 640K, reserved 1048576K
}
Event: 13.300 GC heap after
{Heap after GC invocations=2 (full 0):
 garbage-first heap   total 129024K, used 1719K [0x0000000085a00000, 0x0000000100000000)
  region size 1024K, 1 young (1024K), 1 survivors (1024K)
 Metaspace       used 2172K, capacity 5825K, committed 6016K, reserved 1056768K
  class space    used 183K, capacity 590K, committed 640K, reserved 1048576K
}
Event: 38.085 GC heap before
{Heap before GC invocations=2 (full 0):
 garbage-first heap   total 129024K, used 76471K [0x0000000085a00000, 0x0000000100000000)
  region size 1024K, 74 young (75776K), 1 survivors (1024K)
 Metaspace       used 2207K, capacity 5890K, committed 6016K, reserved 1056768K
  class space    used 185K, capacity 590K, committed 640K, reserved 1048576K
}
Event: 38.090 GC heap after
{Heap after GC invocations=3 (full 0):
 garbage-first heap   total 129024K, used 1718K [0x0000000085a00000, 0x0000000100000000)
  region size 1024K, 1 young (1024K), 1 survivors (1024K)
 Metaspace       used 2207K, capacity 5890K, committed 6016K, reserved 1056768K
  class space    used 185K, capacity 590K, committed 640K, reserved 1048576K
}

