# JRE version: OpenJDK Runtime Environment (11.0.15+10) (build 11.0.15+10-Ubuntu-0ubuntu0.20.04.1)
# Java VM: OpenJDK 64-Bit Server VM (11.0.15+10-Ubuntu-0ubuntu0.20.04.1, mixed mode, sharing, tiered, compressed oops, g1 gc, linux-amd64)
Heap:
 garbage-first heap   total 129024K, used 14998K [0x0000000085a00000, 0x0000000100000000)
  region size 1024K, 15 young (15360K), 1 survivors (1024K)
 Metaspace       used 2184K, capacity 5890K, committed 6016K, reserved 1056768K
  class space    used 184K, capacity 590K, committed 640K, reserved 1048576K
GC Heap History (6 events):
Event: 7.550 GC heap before
{Heap before GC invocations=0 (full 0):
 garbage-first heap   total 129024K, used 15048K [0x0000000085a00000, 0x0000000100000000)
  region size 1024K, 14 young (14336K), 0 survivors (0K)
 Metaspace       used 1841K, capacity 5615K, committed 5760K, reserved 1056768K
  class space    used 140K, capacity 538K, committed 640K, reserved 1048576K
}
Event: 7.555 GC heap after
{Heap after GC invocations=1 (full 0):
 garbage-first heap   total 129024K, used 1538K [0x0000000085a00000, 0x0000000100000000)
  region size 1024K, 1 young (1024K), 1 survivors (1024K)
 Metaspace       used 1841K, capacity 5615K, committed 5760K, reserved 1056768K
  class space    used 140K, capacity 538K, committed 640K, reserved 1048576K
}
Event: 13.548 GC heap before
{Heap before GC invocations=1 (full 0):
 garbage-first heap   total 129024K, used 76290K [0x0000000085a00000, 0x0000000100000000)
  region size 1024K, 74 young (75776K), 1 survivors (1024K)
 Metaspace       used 2162K, capacity 5821K, committed 6016K, reserved 1056768K
  class space    used 184K, capacity 590K, committed 640K, reserved 1048576K
}
Event: 13.556 GC heap after
{Heap after GC invocations=2 (full 0):
 garbage-first heap   total 129024K, used 1654K [0x0000000085a00000, 0x0000000100000000)
  region size 1024K, 1 young (1024K), 1 survivors (1024K)
 Metaspace       used 2162K, capacity 5821K, committed 6016K, reserved 1056768K
  class space    used 184K, capacity 590K, committed 640K, reserved 1048576K
}
Event: 45.210 GC heap before
{Heap before GC invocations=2 (full 0):
 garbage-first heap   total 129024K, used 76406K [0x0000000085a00000, 0x0000000100000000)
  region size 1024K, 74 young (75776K), 1 survivors (1024K)
 Metaspace       used 2181K, capacity 5890K, committed 6016K, reserved 1056768K
  class space    used 184K, capacity 590K, committed 640K, reserved 1048576K
}
Event: 45.214 GC heap after
{Heap after GC invocations=3 (full 0):
 garbage-first heap   total 129024K, used 1686K [0x0000000085a00000, 0x0000000100000000)
  region size 1024K, 1 young (1024K), 1 survivors (1024K)
 Metaspace       used 2181K, capacity 5890K, committed 6016K, reserved 1056768K
  class space    used 184K, capacity 590K, committed 640K, reserved 1048576K
}

