# JRE version: OpenJDK Runtime Environment (11.0.15+10) (build 11.0.15+10-Ubuntu-0ubuntu0.20.04.1)
# Java VM: OpenJDK 64-Bit Server VM (11.0.15+10-Ubuntu-0ubuntu0.20.04.1, mixed mode, sharing, tiered, compressed oops, g1 gc, linux-amd64)
Heap:
 garbage-first heap   total 129024K, used 64154K [0x0000000085a00000, 0x0000000100000000)
  region size 1024K, 63 young (64512K), 1 survivors (1024K)
 Metaspace       used 2212K, capacity 5890K, committed 6016K, reserved 1056768K
  class space    used 184K, capacity 590K, committed 640K, reserved 1048576K
GC Heap History (12 events):
Event: 6.453 GC heap before
{Heap before GC invocations=0 (full 0):
 garbage-first heap   total 129024K, used 15048K [0x0000000085a00000, 0x0000000100000000)
  region size 1024K, 14 young (14336K), 0 survivors (0K)
 Metaspace       used 1991K, capacity 5784K, committed 6016K, reserved 1056768K
  class space    used 165K, capacity 575K, committed 640K, reserved 1048576K
}
Event: 6.467 GC heap after
{Heap after GC invocations=1 (full 0):
 garbage-first heap   total 129024K, used 1603K [0x0000000085a00000, 0x0000000100000000)
  region size 1024K, 1 young (1024K), 1 survivors (1024K)
 Metaspace       used 1991K, capacity 5784K, committed 6016K, reserved 1056768K
  class space    used 165K, capacity 575K, committed 640K, reserved 1048576K
}
Event: 19.452 GC heap before
{Heap before GC invocations=1 (full 0):
 garbage-first heap   total 129024K, used 76355K [0x0000000085a00000, 0x0000000100000000)
  region size 1024K, 74 young (75776K), 1 survivors (1024K)
 Metaspace       used 2191K, capacity 5822K, committed 6016K, reserved 1056768K
  class space    used 183K, capacity 590K, committed 640K, reserved 1048576K
}
Event: 19.461 GC heap after
{Heap after GC invocations=2 (full 0):
 garbage-first heap   total 129024K, used 1686K [0x0000000085a00000, 0x0000000100000000)
  region size 1024K, 1 young (1024K), 1 survivors (1024K)
 Metaspace       used 2191K, capacity 5822K, committed 6016K, reserved 1056768K
  class space    used 183K, capacity 590K, committed 640K, reserved 1048576K
}
Event: 23.791 GC heap before
{Heap before GC invocations=2 (full 0):
 garbage-first heap   total 129024K, used 76438K [0x0000000085a00000, 0x0000000100000000)
  region size 1024K, 74 young (75776K), 1 survivors (1024K)
 Metaspace       used 2211K, capacity 5890K, committed 6016K, reserved 1056768K
  class space    used 184K, capacity 590K, committed 640K, reserved 1048576K
}
Event: 23.800 GC heap after
{Heap after GC invocations=3 (full 0):
 garbage-first heap   total 129024K, used 1692K [0x0000000085a00000, 0x0000000100000000)
  region size 1024K, 1 young (1024K), 1 survivors (1024K)
 Metaspace       used 2211K, capacity 5890K, committed 6016K, reserved 1056768K
  class space    used 184K, capacity 590K, committed 640K, reserved 1048576K
}
Event: 28.171 GC heap before
{Heap before GC invocations=3 (full 0):
 garbage-first heap   total 129024K, used 76444K [0x0000000085a00000, 0x0000000100000000)
  region size 1024K, 74 young (75776K), 1 survivors (1024K)
 Metaspace       used 2212K, capacity 5890K, committed 6016K, reserved 1056768K
  class space    used 184K, capacity 590K, committed 640K, reserved 1048576K
}
Event: 28.179 GC heap after
{Heap after GC invocations=4 (full 0):
 garbage-first heap   total 129024K, used 1670K [0x0000000085a00000, 0x0000000100000000)
  region size 1024K, 1 young (1024K), 1 survivors (1024K)
 Metaspace       used 2212K, capacity 5890K, committed 6016K, reserved 1056768K
  class space    used 184K, capacity 590K, committed 640K, reserved 1048576K
}
Event: 32.555 GC heap before
{Heap before GC invocations=4 (full 0):
 garbage-first heap   total 129024K, used 76422K [0x0000000085a00000, 0x0000000100000000)
  region size 1024K, 74 young (75776K), 1 survivors (1024K)
 Metaspace       used 2212K, capacity 5890K, committed 6016K, reserved 1056768K
  class space    used 184K, capacity 590K, committed 640K, reserved 1048576K
}
Event: 32.565 GC heap after
{Heap after GC invocations=5 (full 0):
 garbage-first heap   total 129024K, used 1660K [0x0000000085a00000, 0x0000000100000000)
  region size 1024K, 1 young (1024K), 1 survivors (1024K)
 Metaspace       used 2212K, capacity 5890K, committed 6016K, reserved 1056768K
  class space    used 184K, capacity 590K, committed 640K, reserved 1048576K
}
Event: 36.931 GC heap before
{Heap before GC invocations=5 (full 0):
 garbage-first heap   total 129024K, used 76412K [0x0000000085a00000, 0x0000000100000000)
  region size 1024K, 74 young (75776K), 1 survivors (1024K)
 Metaspace       used 2212K, capacity 5890K, committed 6016K, reserved 1056768K
  class space    used 184K, capacity 590K, committed 640K, reserved 1048576K
}
Event: 36.938 GC heap after
{Heap after GC invocations=6 (full 0):
 garbage-first heap   total 129024K, used 1690K [0x0000000085a00000, 0x0000000100000000)
  region size 1024K, 1 young (1024K), 1 survivors (1024K)
 Metaspace       used 2212K, capacity 5890K, committed 6016K, reserved 1056768K
  class space    used 184K, capacity 590K, committed 640K, reserved 1048576K
}

